# JRE version: OpenJDK Runtime Environment (8.0_212-b04) (build 1.8.0_212-release-1586-b04)
# Java VM: OpenJDK 64-Bit Server VM (25.212-b04 mixed mode windows-amd64 compressed oops)
Heap:
 PSYoungGen      total 203776K, used 115837K [0x00000000e0000000, 0x00000000ef800000, 0x0000000100000000)
  eden space 183296K, 52% used [0x00000000e0000000,0x00000000e5d3e940,0x00000000eb300000)
  from space 20480K, 99% used [0x00000000eb800000,0x00000000ecbe0d48,0x00000000ecc00000)
  to   space 35328K, 0% used [0x00000000ed580000,0x00000000ed580000,0x00000000ef800000)
 ParOldGen       total 240640K, used 88566K [0x00000000a0000000, 0x00000000aeb00000, 0x00000000e0000000)
  object space 240640K, 36% used [0x00000000a0000000,0x00000000a567d8a8,0x00000000aeb00000)
 Metaspace       used 107741K, capacity 115074K, committed 115328K, reserved 1148928K
  class space    used 13574K, capacity 14876K, committed 14976K, reserved 1048576K
GC Heap History (10 events):
Event: 7166.147 GC heap before
{Heap before GC invocations=47 (full 4):
 PSYoungGen      total 237568K, used 225313K [0x00000000e0000000, 0x00000000f1100000, 0x0000000100000000)
  eden space 209920K, 100% used [0x00000000e0000000,0x00000000ecd00000,0x00000000ecd00000)
  from space 27648K, 55% used [0x00000000ef600000,0x00000000f05084b8,0x00000000f1100000)
  to   space 34816K, 0% used [0x00000000ecd00000,0x00000000ecd00000,0x00000000eef00000)
 ParOldGen       total 240640K, used 88078K [0x00000000a0000000, 0x00000000aeb00000, 0x00000000e0000000)
  object space 240640K, 36% used [0x00000000a0000000,0x00000000a5603888,0x00000000aeb00000)
 Metaspace       used 101429K, capacity 108120K, committed 108288K, reserved 1142784K
  class space    used 12815K, capacity 13983K, committed 14080K, reserved 1048576K
Event: 7166.169 GC heap after
Heap after GC invocations=47 (full 4):
 PSYoungGen      total 216064K, used 11568K [0x00000000e0000000, 0x00000000f0a80000, 0x0000000100000000)
  eden space 204288K, 0% used [0x00000000e0000000,0x00000000e0000000,0x00000000ec780000)
  from space 11776K, 98% used [0x00000000ecd00000,0x00000000ed84c020,0x00000000ed880000)
  to   space 34304K, 0% used [0x00000000ee900000,0x00000000ee900000,0x00000000f0a80000)
 ParOldGen       total 240640K, used 88198K [0x00000000a0000000, 0x00000000aeb00000, 0x00000000e0000000)
  object space 240640K, 36% used [0x00000000a0000000,0x00000000a5621898,0x00000000aeb00000)
 Metaspace       used 101429K, capacity 108120K, committed 108288K, reserved 1142784K
  class space    used 12815K, capacity 13983K, committed 14080K, reserved 1048576K
}
Event: 7350.952 GC heap before
{Heap before GC invocations=48 (full 4):
 PSYoungGen      total 216064K, used 215856K [0x00000000e0000000, 0x00000000f0a80000, 0x0000000100000000)
  eden space 204288K, 100% used [0x00000000e0000000,0x00000000ec780000,0x00000000ec780000)
  from space 11776K, 98% used [0x00000000ecd00000,0x00000000ed84c020,0x00000000ed880000)
  to   space 34304K, 0% used [0x00000000ee900000,0x00000000ee900000,0x00000000f0a80000)
 ParOldGen       total 240640K, used 88198K [0x00000000a0000000, 0x00000000aeb00000, 0x00000000e0000000)
  object space 240640K, 36% used [0x00000000a0000000,0x00000000a5621898,0x00000000aeb00000)
 Metaspace       used 101615K, capacity 108410K, committed 108544K, reserved 1144832K
  class space    used 12844K, capacity 14030K, committed 14080K, reserved 1048576K
Event: 7350.982 GC heap after
Heap after GC invocations=48 (full 4):
 PSYoungGen      total 226304K, used 11377K [0x00000000e0000000, 0x00000000f0400000, 0x0000000100000000)
  eden space 198656K, 0% used [0x00000000e0000000,0x00000000e0000000,0x00000000ec200000)
  from space 27648K, 41% used [0x00000000ee900000,0x00000000ef41c4a8,0x00000000f0400000)
  to   space 33792K, 0% used [0x00000000ec200000,0x00000000ec200000,0x00000000ee300000)
 ParOldGen       total 240640K, used 88294K [0x00000000a0000000, 0x00000000aeb00000, 0x00000000e0000000)
  object space 240640K, 36% used [0x00000000a0000000,0x00000000a5639898,0x00000000aeb00000)
 Metaspace       used 101615K, capacity 108410K, committed 108544K, reserved 1144832K
  class space    used 12844K, capacity 14030K, committed 14080K, reserved 1048576K
}
Event: 7360.186 GC heap before
{Heap before GC invocations=49 (full 4):
 PSYoungGen      total 226304K, used 210033K [0x00000000e0000000, 0x00000000f0400000, 0x0000000100000000)
  eden space 198656K, 100% used [0x00000000e0000000,0x00000000ec200000,0x00000000ec200000)
  from space 27648K, 41% used [0x00000000ee900000,0x00000000ef41c4a8,0x00000000f0400000)
  to   space 33792K, 0% used [0x00000000ec200000,0x00000000ec200000,0x00000000ee300000)
 ParOldGen       total 240640K, used 88294K [0x00000000a0000000, 0x00000000aeb00000, 0x00000000e0000000)
  object space 240640K, 36% used [0x00000000a0000000,0x00000000a5639898,0x00000000aeb00000)
 Metaspace       used 106336K, capacity 113472K, committed 113792K, reserved 1148928K
  class space    used 13369K, capacity 14621K, committed 14720K, reserved 1048576K
Event: 7360.277 GC heap after
Heap after GC invocations=49 (full 4):
 PSYoungGen      total 212992K, used 19392K [0x00000000e0000000, 0x00000000efd00000, 0x0000000100000000)
  eden space 193536K, 0% used [0x00000000e0000000,0x00000000e0000000,0x00000000ebd00000)
  from space 19456K, 99% used [0x00000000ec200000,0x00000000ed4f0310,0x00000000ed500000)
  to   space 32768K, 0% used [0x00000000edd00000,0x00000000edd00000,0x00000000efd00000)
 ParOldGen       total 240640K, used 88390K [0x00000000a0000000, 0x00000000aeb00000, 0x00000000e0000000)
  object space 240640K, 36% used [0x00000000a0000000,0x00000000a56518a8,0x00000000aeb00000)
 Metaspace       used 106336K, capacity 113472K, committed 113792K, reserved 1148928K
  class space    used 13369K, capacity 14621K, committed 14720K, reserved 1048576K
}
Event: 7607.330 GC heap before
{Heap before GC invocations=50 (full 4):
 PSYoungGen      total 212992K, used 212928K [0x00000000e0000000, 0x00000000efd00000, 0x0000000100000000)
  eden space 193536K, 100% used [0x00000000e0000000,0x00000000ebd00000,0x00000000ebd00000)
  from space 19456K, 99% used [0x00000000ec200000,0x00000000ed4f0310,0x00000000ed500000)
  to   space 32768K, 0% used [0x00000000edd00000,0x00000000edd00000,0x00000000efd00000)
 ParOldGen       total 240640K, used 88390K [0x00000000a0000000, 0x00000000aeb00000, 0x00000000e0000000)
  object space 240640K, 36% used [0x00000000a0000000,0x00000000a56518a8,0x00000000aeb00000)
 Metaspace       used 107275K, capacity 114658K, committed 114944K, reserved 1148928K
  class space    used 13500K, capacity 14796K, committed 14848K, reserved 1048576K
Event: 7607.364 GC heap after
Heap after GC invocations=50 (full 4):
 PSYoungGen      total 221184K, used 30112K [0x00000000e0000000, 0x00000000eff00000, 0x0000000100000000)
  eden space 188416K, 0% used [0x00000000e0000000,0x00000000e0000000,0x00000000eb800000)
  from space 32768K, 91% used [0x00000000edd00000,0x00000000efa68228,0x00000000efd00000)
  to   space 36352K, 0% used [0x00000000eb800000,0x00000000eb800000,0x00000000edb80000)
 ParOldGen       total 240640K, used 88470K [0x00000000a0000000, 0x00000000aeb00000, 0x00000000e0000000)
  object space 240640K, 36% used [0x00000000a0000000,0x00000000a56658a8,0x00000000aeb00000)
 Metaspace       used 107275K, capacity 114658K, committed 114944K, reserved 1148928K
  class space    used 13500K, capacity 14796K, committed 14848K, reserved 1048576K
}
Event: 7825.789 GC heap before
{Heap before GC invocations=51 (full 4):
 PSYoungGen      total 221184K, used 218528K [0x00000000e0000000, 0x00000000eff00000, 0x0000000100000000)
  eden space 188416K, 100% used [0x00000000e0000000,0x00000000eb800000,0x00000000eb800000)
  from space 32768K, 91% used [0x00000000edd00000,0x00000000efa68228,0x00000000efd00000)
  to   space 36352K, 0% used [0x00000000eb800000,0x00000000eb800000,0x00000000edb80000)
 ParOldGen       total 240640K, used 88470K [0x00000000a0000000, 0x00000000aeb00000, 0x00000000e0000000)
  object space 240640K, 36% used [0x00000000a0000000,0x00000000a56658a8,0x00000000aeb00000)
 Metaspace       used 107729K, capacity 115074K, committed 115328K, reserved 1148928K
  class space    used 13573K, capacity 14876K, committed 14976K, reserved 1048576K
Event: 7825.849 GC heap after
Heap after GC invocations=51 (full 4):
 PSYoungGen      total 203776K, used 20355K [0x00000000e0000000, 0x00000000ef800000, 0x0000000100000000)
  eden space 183296K, 0% used [0x00000000e0000000,0x00000000e0000000,0x00000000eb300000)
  from space 20480K, 99% used [0x00000000eb800000,0x00000000ecbe0d48,0x00000000ecc00000)
  to   space 35328K, 0% used [0x00000000ed580000,0x00000000ed580000,0x00000000ef800000)
 ParOldGen       total 240640K, used 88566K [0x00000000a0000000, 0x00000000aeb00000, 0x00000000e0000000)
  object space 240640K, 36% used [0x00000000a0000000,0x00000000a567d8a8,0x00000000aeb00000)
 Metaspace       used 107729K, capacity 115074K, committed 115328K, reserved 1148928K
  class space    used 13573K, capacity 14876K, committed 14976K, reserved 1048576K
}

